<?xml version="1.0" encoding="UTF-8"?>
<!-- Generated by org.testng.reporters.JUnitReportReporter -->
<testsuite skipped="0" hostname="Snehas-MacBook-Pro.local" name="Students.Login" tests="1" failures="0" timestamp="2020-09-08T15:05:00 EDT" time="9.330" errors="0">
  <testcase name="login" time="9.330" classname="Students.Login"/>
  <system-out/>
</testsuite> <!-- Students.Login -->
