<?xml version="1.0" encoding="UTF-8"?>
<!-- Generated by org.testng.reporters.JUnitReportReporter -->
<testsuite skipped="0" hostname="Snehas-MacBook-Pro.local" name="Students.EverythingYouNeed" tests="2" failures="0" timestamp="2020-09-01T08:42:31 EDT" time="42.508" errors="0">
  <testcase name="login" time="10.205" classname="Students.EverythingYouNeed"/>
  <system-out/>
  <testcase name="dataentry" time="32.303" classname="Students.EverythingYouNeed"/>
  <system-out/>
</testsuite> <!-- Students.EverythingYouNeed -->
