<?xml version="1.0" encoding="UTF-8"?>
<!-- Generated by org.testng.reporters.JUnitReportReporter -->
<testsuite skipped="0" hostname="Snehas-MacBook-Pro.local" name="Students.SkillsAcquisition" tests="2" failures="0" timestamp="2020-09-25T11:25:36 EDT" time="38.055" errors="0">
  <testcase name="addSkills" time="16.945" classname="Students.SkillsAcquisition"/>
  <system-out/>
  <testcase name="addTarget" time="21.110" classname="Students.SkillsAcquisition"/>
  <system-out/>
</testsuite> <!-- Students.SkillsAcquisition -->
