<?xml version="1.0" encoding="UTF-8"?>
<!-- Generated by org.testng.reporters.JUnitReportReporter -->
<testsuite skipped="0" hostname="Snehas-MacBook-Pro.local" name="Students.Login" tests="1" failures="0" timestamp="2020-09-25T11:25:35 EDT" time="8.539" errors="0">
  <testcase name="login" time="8.539" classname="Students.Login"/>
  <system-out/>
</testsuite> <!-- Students.Login -->
