<?xml version="1.0" encoding="UTF-8"?>
<!-- Generated by org.testng.reporters.JUnitReportReporter -->
<testsuite skipped="0" hostname="Snehas-MacBook-Pro.local" name="Students.DataEntry_SkillData" tests="1" failures="0" timestamp="2020-09-08T15:05:00 EDT" time="32.006" errors="0">
  <testcase name="dataentry" time="32.006" classname="Students.DataEntry_SkillData"/>
  <system-out/>
</testsuite> <!-- Students.DataEntry_SkillData -->
