<?xml version="1.0" encoding="UTF-8"?>
<!-- Generated by org.testng.reporters.JUnitReportReporter -->
<testsuite skipped="0" hostname="Snehas-MacBook-Pro.local" name="Students.Login" tests="1" failures="0" timestamp="2020-09-28T15:58:19 EDT" time="1.998" errors="0">
  <testcase name="login" time="1.998" classname="Students.Login"/>
  <system-out/>
</testsuite> <!-- Students.Login -->
