<?xml version="1.0" encoding="UTF-8"?>
<!-- Generated by org.testng.reporters.JUnitReportReporter -->
<testsuite skipped="0" hostname="Snehas-MacBook-Pro.local" name="Students.StudentSelection" tests="1" failures="0" timestamp="2020-09-28T15:58:19 EDT" time="6.158" errors="0">
  <testcase name="studentselect" time="6.158" classname="Students.StudentSelection"/>
  <system-out/>
</testsuite> <!-- Students.StudentSelection -->
