<?xml version="1.0" encoding="UTF-8"?>
<!-- Generated by org.testng.reporters.JUnitReportReporter -->
<testsuite skipped="0" hostname="Snehas-MacBook-Pro.local" name="Students.StudentSelection" tests="1" failures="0" timestamp="2020-09-25T11:25:35 EDT" time="2.166" errors="0">
  <testcase name="studentselect" time="2.166" classname="Students.StudentSelection"/>
  <system-out/>
</testsuite> <!-- Students.StudentSelection -->
